<?xml version="1.0" encoding="UTF-8"?>
<testng-results skipped="0" failed="0" ignored="0" total="1" passed="1">
  <reporter-output>
  </reporter-output>
  <suite name="Default suite" duration-ms="92183" started-at="2020-08-04T11:44:37Z" finished-at="2020-08-04T11:46:09Z">
    <groups>
    </groups>
    <test name="Default test" duration-ms="92183" started-at="2020-08-04T11:44:37Z" finished-at="2020-08-04T11:46:09Z">
      <class name="Basic8RestAssuerdAutomationProject">
        <test-method status="PASS" signature="generateIssues()[pri:0, instance:Basic8RestAssuerdAutomationProject@5c072e3f]" name="generateIssues" duration-ms="91543" started-at="2020-08-04T11:44:37Z" finished-at="2020-08-04T11:46:09Z">
          <reporter-output>
          </reporter-output>
        </test-method> <!-- generateIssues -->
      </class> <!-- Basic8RestAssuerdAutomationProject -->
    </test> <!-- Default test -->
  </suite> <!-- Default suite -->
</testng-results>
